0 info it worked if it ends with ok
1 verbose cli [ '/usr/bin/nodejs', '/usr/bin/npm', 'run', 'test' ]
2 info using npm@3.5.2
3 info using node@v4.2.6
4 verbose run-script [ 'pretest', 'test', 'posttest' ]
5 info lifecycle tinkoff_fintech_frontend_3@1.0.0~pretest: tinkoff_fintech_frontend_3@1.0.0
6 silly lifecycle tinkoff_fintech_frontend_3@1.0.0~pretest: no script for pretest, continuing
7 info lifecycle tinkoff_fintech_frontend_3@1.0.0~test: tinkoff_fintech_frontend_3@1.0.0
8 verbose lifecycle tinkoff_fintech_frontend_3@1.0.0~test: unsafe-perm in lifecycle true
9 verbose lifecycle tinkoff_fintech_frontend_3@1.0.0~test: PATH: /usr/share/npm/bin/node-gyp-bin:/mnt/c/dev/tinkoff/Fintech-Javascript-3/node_modules/.bin:/usr/local/sbin:/usr/local/bin:/usr/sbin:/usr/bin:/sbin:/bin:/usr/games:/usr/local/games:/mnt/c/Program Files (x86)/NVIDIA Corporation/PhysX/Common:/mnt/c/ProgramData/Oracle/Java/javapath_target_87225812:/mnt/c/Windows/System32:/mnt/c/Windows:/mnt/c/Windows/System32/wbem:/mnt/c/Windows/System32/WindowsPowerShell/v1.0:/mnt/c/Program Files/Microsoft SQL Server/130/Tools/Binn:/mnt/c/Program Files/dotnet:/mnt/c/Program Files/Microsoft SQL Server/Client SDK/ODBC/110/Tools/Binn:/mnt/c/Program Files (x86)/Microsoft SQL Server/120/Tools/Binn:/mnt/c/Program Files/Microsoft SQL Server/120/Tools/Binn:/mnt/c/Program Files/Microsoft SQL Server/120/DTS/Binn:/mnt/c/Program Files/nodejs:/mnt/c/Program Files/Git/cmd:/mnt/c/Users/mister/AppData/Local/Microsoft/WindowsApps:/mnt/c/dev/ffmpeg/bin:/mnt/c/Users/mister/AppData/Roaming/npm
10 verbose lifecycle tinkoff_fintech_frontend_3@1.0.0~test: CWD: /mnt/c/dev/tinkoff/Fintech-Javascript-3
11 silly lifecycle tinkoff_fintech_frontend_3@1.0.0~test: Args: [ '-c', 'npm run --silent unit-tests && npm run --silent lint' ]
12 silly lifecycle tinkoff_fintech_frontend_3@1.0.0~test: Returned: code: 1  signal: null
13 info lifecycle tinkoff_fintech_frontend_3@1.0.0~test: Failed to exec test script
14 verbose stack Error: tinkoff_fintech_frontend_3@1.0.0 test: `npm run --silent unit-tests && npm run --silent lint`
14 verbose stack Exit status 1
14 verbose stack     at EventEmitter.<anonymous> (/usr/share/npm/lib/utils/lifecycle.js:232:16)
14 verbose stack     at emitTwo (events.js:87:13)
14 verbose stack     at EventEmitter.emit (events.js:172:7)
14 verbose stack     at ChildProcess.<anonymous> (/usr/share/npm/lib/utils/spawn.js:24:14)
14 verbose stack     at emitTwo (events.js:87:13)
14 verbose stack     at ChildProcess.emit (events.js:172:7)
14 verbose stack     at maybeClose (internal/child_process.js:821:16)
14 verbose stack     at Process.ChildProcess._handle.onexit (internal/child_process.js:211:5)
15 verbose pkgid tinkoff_fintech_frontend_3@1.0.0
16 verbose cwd /mnt/c/dev/tinkoff/Fintech-Javascript-3
17 error Linux 4.4.0-43-Microsoft
18 error argv "/usr/bin/nodejs" "/usr/bin/npm" "run" "test"
19 error node v4.2.6
20 error npm  v3.5.2
21 error code ELIFECYCLE
22 error tinkoff_fintech_frontend_3@1.0.0 test: `npm run --silent unit-tests && npm run --silent lint`
22 error Exit status 1
23 error Failed at the tinkoff_fintech_frontend_3@1.0.0 test script 'npm run --silent unit-tests && npm run --silent lint'.
23 error Make sure you have the latest version of node.js and npm installed.
23 error If you do, this is most likely a problem with the tinkoff_fintech_frontend_3 package,
23 error not with npm itself.
23 error Tell the author that this fails on your system:
23 error     npm run --silent unit-tests && npm run --silent lint
23 error You can get information on how to open an issue for this project with:
23 error     npm bugs tinkoff_fintech_frontend_3
23 error Or if that isn't available, you can get their info via:
23 error     npm owner ls tinkoff_fintech_frontend_3
23 error There is likely additional logging output above.
24 verbose exit [ 1, true ]
